06/13/2020 09:43:1592055783:694003 Betacoronavirus 1
06/13/2020 09:43:1592055783:59 leafs.
06/13/2020 09:43:1592055783:836 sequences.
06/13/2020 09:43:1592055783:Wrote alignments/20200613/prealign/694003_1.fasta
06/13/2020 09:43:1592055783:2501960 China Rattus coronavirus HKU24
06/13/2020 09:43:1592055783:1 leafs.
06/13/2020 09:43:1592055783:4 sequences.
06/13/2020 09:43:1592055783:Wrote alignments/20200613/prealign/2501960_1.fasta
06/13/2020 09:43:1592055783:290028 Human coronavirus HKU1
06/13/2020 09:43:1592055783:3 leafs.
06/13/2020 09:43:1592055783:3 sequences.
06/13/2020 09:43:1592055783:Wrote alignments/20200613/prealign/290028_1.fasta
06/13/2020 09:43:1592055783:694005 Murine coronavirus
06/13/2020 09:43:1592055783:27 leafs.
06/13/2020 09:43:1592055783:24 sequences.
06/13/2020 09:43:1592055783:Wrote alignments/20200613/prealign/694005_1.fasta
06/13/2020 09:43:1592055783:2724078 unclassified Embecovirus
06/13/2020 09:43:1592055783:4 leafs.
06/13/2020 09:43:1592055783:11 sequences.
06/13/2020 09:43:1592055783:Wrote alignments/20200613/prealign/2724078_1.fasta
06/13/2020 09:43:1592055783:2501961 Bat Hp-betacoronavirus Zhejiang2013
06/13/2020 09:43:1592055783:1 leafs.
06/13/2020 09:43:1592055783:2 sequences.
06/13/2020 09:43:1592055783:Wrote alignments/20200613/prealign/2501961_1.fasta
06/13/2020 09:43:1592055783:2729735 unclassified Hibecovirus
06/13/2020 09:43:1592055783:1 leafs.
06/13/2020 09:43:1592055783:0 sequences.
06/13/2020 09:43:1592055783:1965093 Hedgehog coronavirus 1
06/13/2020 09:43:1592055783:1 leafs.
06/13/2020 09:43:1592055783:3 sequences.
06/13/2020 09:43:1592055783:Wrote alignments/20200613/prealign/1965093_1.fasta
06/13/2020 09:43:1592055783:1335626 Middle East respiratory syndrome-related coronavirus
06/13/2020 09:43:1592055783:6 leafs.
06/13/2020 09:43:1592055783:9 sequences.
06/13/2020 09:43:1592055783:Wrote alignments/20200613/prealign/1335626_1.fasta
06/13/2020 09:43:1592055783:694008 Pipistrellus bat coronavirus HKU5
06/13/2020 09:43:1592055783:5 leafs.
06/13/2020 09:43:1592055783:5 sequences.
06/13/2020 09:43:1592055783:Wrote alignments/20200613/prealign/694008_1.fasta
06/13/2020 09:43:1592055783:694007 Tylonycteris bat coronavirus HKU4
06/13/2020 09:43:1592055783:6 leafs.
06/13/2020 09:43:1592055783:7 sequences.
06/13/2020 09:43:1592055783:Wrote alignments/20200613/prealign/694007_1.fasta
06/13/2020 09:43:1592055783:2664183 unclassified Merbecovirus
06/13/2020 09:43:1592055783:4 leafs.
06/13/2020 09:43:1592055783:6 sequences.
06/13/2020 09:43:1592055783:Wrote alignments/20200613/prealign/2664183_1.fasta
06/13/2020 09:43:1592055783:2501962 Rousettus bat coronavirus GCCDC1
06/13/2020 09:43:1592055783:1 leafs.
06/13/2020 09:43:1592055783:3 sequences.
06/13/2020 09:43:1592055783:Wrote alignments/20200613/prealign/2501962_1.fasta
06/13/2020 09:43:1592055783:694006 Rousettus bat coronavirus HKU9
06/13/2020 09:43:1592055783:8 leafs.
06/13/2020 09:43:1592055783:9 sequences.
06/13/2020 09:43:1592055783:Wrote alignments/20200613/prealign/694006_1.fasta
06/13/2020 09:43:1592055783:2726811 unclassified Nobecovirus
06/13/2020 09:43:1592055783:1 leafs.
06/13/2020 09:43:1592055783:4 sequences.
06/13/2020 09:43:1592055783:Wrote alignments/20200613/prealign/2726811_1.fasta
06/13/2020 09:43:1592055783:694009 Severe acute respiratory syndrome-related coronavirus
06/13/2020 09:43:1592055783:254 leafs.
06/13/2020 09:43:1592055783:4241 sequences.
06/13/2020 09:43:1592055783:Wrote alignments/20200613/prealign/694009_1.fasta
06/13/2020 09:43:1592055783:Wrote alignments/20200613/prealign/694009_2.fasta
06/13/2020 09:43:1592055783:2720068 unclassified Sarbecovirus
06/13/2020 09:43:1592055783:7 leafs.
06/13/2020 09:43:1592055783:10 sequences.
06/13/2020 09:43:1592055783:Wrote alignments/20200613/prealign/2720068_1.fasta
06/13/2020 09:43:1592055783:696098 unclassified Betacoronavirus
06/13/2020 09:43:1592055783:156 leafs.
06/13/2020 09:43:1592055783:18 sequences.
06/13/2020 09:43:1592055783:Wrote alignments/20200613/prealign/696098_1.fasta
06/13/2020 09:43:1592055783:Processed a total of 5195 sequences.
