06/13/2020 10:52:1592059960: Begin clustalo alignment run using EMBL server.
06/13/2020 10:52:1592059960: Prealign path: ./alignments/20200613/prealign
06/13/2020 10:52:1592059960: Taxon-aligned path: ./alignments/20200613/tax_aligned
06/13/2020 10:52:1592059960: Prealign files:
06/13/2020 10:52:1592059960: 	2724078_1.fasta
06/13/2020 10:52:1592059960: 	694003_1.fasta
06/13/2020 10:52:1592059960: 	694009_2.fasta
06/13/2020 10:52:1592059960: 	1965093_1.fasta
06/13/2020 10:52:1592059960: 	694009_1.fasta
06/13/2020 10:52:1592059960: 	2664183_1.fasta
06/13/2020 10:52:1592059960: 	694008_1.fasta
06/13/2020 10:52:1592059960: 	2501960_1.fasta
06/13/2020 10:52:1592059960: 	1335626_1.fasta
06/13/2020 10:52:1592059960: 	2720068_1.fasta
06/13/2020 10:52:1592059960: 	696098_1.fasta
06/13/2020 10:52:1592059960: 	290028_1.fasta
06/13/2020 10:52:1592059960: 	694005_1.fasta
06/13/2020 10:52:1592059960: 	2501961_1.fasta
06/13/2020 10:52:1592059960: 	2726811_1.fasta
06/13/2020 10:52:1592059960: 	694007_1.fasta
06/13/2020 10:52:1592059960: 	2501962_1.fasta
06/13/2020 10:52:1592059960: 	694006_1.fasta
06/13/2020 10:52:1592059960: 2724078_1.fasta: 11 sequences.
06/13/2020 10:52:1592059964: 2724078_1.fasta: JobId clustalo-R20200613-155241-0508-40474572-p2m
06/13/2020 10:53:1592059988: 2724078_1.fasta: Complete.
06/13/2020 10:53:1592059991: 694003_1.fasta : 200 sequences.
06/13/2020 10:53:1592059994: 694003_1.fasta : JobId clustalo-R20200613-155312-0246-70905202-p2m
06/13/2020 10:54:1592060043: 694003_1.fasta : Complete.
06/13/2020 10:54:1592060046: 694009_2.fasta : 200 sequences.
06/13/2020 10:54:1592060050: 694009_2.fasta : JobId clustalo-R20200613-155408-0090-96825114-p1m
06/13/2020 10:56:1592060161: 694009_2.fasta : Complete.
06/13/2020 10:56:1592060164: 1965093_1.fasta: 3 sequences.
06/13/2020 10:56:1592060167: 1965093_1.fasta: JobId clustalo-R20200613-155604-0849-50655847-p1m
06/13/2020 10:56:1592060174: 1965093_1.fasta: Complete.
06/13/2020 10:56:1592060177: 694009_1.fasta : 200 sequences.
06/13/2020 10:56:1592060180: 694009_1.fasta : JobId clustalo-R20200613-155618-0848-8064605-p1m
06/13/2020 10:57:1592060246: 694009_1.fasta : Complete.
06/13/2020 10:57:1592060249: 2664183_1.fasta: 6 sequences.
06/13/2020 10:57:1592060252: 2664183_1.fasta: JobId clustalo-R20200613-155729-0970-83290736-p2m
06/13/2020 10:57:1592060265: 2664183_1.fasta: Complete.
06/13/2020 10:57:1592060268: 694008_1.fasta : 5 sequences.
06/13/2020 10:57:1592060271: 694008_1.fasta : JobId clustalo-R20200613-155749-0234-71273201-p1m
06/13/2020 10:58:1592060284: 694008_1.fasta : Complete.
06/13/2020 10:58:1592060287: 2501960_1.fasta: 4 sequences.
06/13/2020 10:58:1592060290: 2501960_1.fasta: JobId clustalo-R20200613-155808-0163-5700781-p2m
06/13/2020 10:58:1592060297: 2501960_1.fasta: Complete.
06/13/2020 10:58:1592060300: 1335626_1.fasta: 9 sequences.
06/13/2020 10:58:1592060303: 1335626_1.fasta: JobId clustalo-R20200613-155821-0602-82427481-p2m
06/13/2020 10:58:1592060311: 1335626_1.fasta: Complete.
06/13/2020 10:58:1592060314: 2720068_1.fasta: 10 sequences.
06/13/2020 10:58:1592060317: 2720068_1.fasta: JobId clustalo-R20200613-155834-0938-98102725-p2m
06/13/2020 10:58:1592060330: 2720068_1.fasta: Complete.
06/13/2020 10:58:1592060333: 696098_1.fasta : 18 sequences.
06/13/2020 10:58:1592060336: 696098_1.fasta : JobId clustalo-R20200613-155854-0633-98590525-p1m
06/13/2020 10:59:1592060350: 696098_1.fasta : Complete.
06/13/2020 10:59:1592060353: 290028_1.fasta : 3 sequences.
06/13/2020 10:59:1592060355: 290028_1.fasta : JobId clustalo-R20200613-155913-0868-31458956-p1m
06/13/2020 10:59:1592060369: 290028_1.fasta : Complete.
06/13/2020 10:59:1592060372: 694005_1.fasta : 24 sequences.
06/13/2020 10:59:1592060375: 694005_1.fasta : JobId clustalo-R20200613-155933-0005-18453357-p2m
06/13/2020 10:59:1592060394: 694005_1.fasta : Complete.
06/13/2020 10:59:1592060397: 2501961_1.fasta: 2 sequences.
06/13/2020 10:59:1592060397: 2501961_1.fasta: Multiple aligment not needed, copied to 2501961_1.aln-fasta.fasta
06/13/2020 11:00:1592060400: 2726811_1.fasta: 4 sequences.
06/13/2020 11:00:1592060403: 2726811_1.fasta: JobId clustalo-R20200613-160001-0010-59195880-p2m
06/13/2020 11:00:1592060419: 2726811_1.fasta: Complete.
06/13/2020 11:00:1592060422: 694007_1.fasta : 7 sequences.
06/13/2020 11:00:1592060425: 694007_1.fasta : JobId clustalo-R20200613-160022-0969-61450299-p1m
06/13/2020 11:00:1592060438: 694007_1.fasta : Complete.
06/13/2020 11:00:1592060441: 2501962_1.fasta: 3 sequences.
06/13/2020 11:00:1592060444: 2501962_1.fasta: JobId clustalo-R20200613-160042-0169-1199313-p1m
06/13/2020 11:00:1592060457: 2501962_1.fasta: Complete.
06/13/2020 11:01:1592060460: 694006_1.fasta : 9 sequences.
06/13/2020 11:01:1592060463: 694006_1.fasta : JobId clustalo-R20200613-160100-0846-71571687-p2m
06/13/2020 11:01:1592060479: 694006_1.fasta : Complete.
